0 info it worked if it ends with ok
1 verbose cli [ '/home/ksulia/miniconda3/bin/node',
1 verbose cli   '/home/ksulia/miniconda3/bin/npm',
1 verbose cli   'start' ]
2 info using npm@3.10.10
3 info using node@v6.13.1
4 verbose run-script [ 'prestart', 'start', 'poststart' ]
5 info lifecycle aqdash@1.0.0~prestart: aqdash@1.0.0
6 silly lifecycle aqdash@1.0.0~prestart: no script for prestart, continuing
7 info lifecycle aqdash@1.0.0~start: aqdash@1.0.0
8 verbose lifecycle aqdash@1.0.0~start: unsafe-perm in lifecycle true
9 verbose lifecycle aqdash@1.0.0~start: PATH: /home/ksulia/miniconda3/lib/node_modules/npm/bin/node-gyp-bin:/home/kara/AQDash_prod/AQDash/node_modules/.bin:/home/ksulia/miniconda3/bin:/home/ksulia/miniconda3/condabin:/home/ksulia/.nvm/versions/node/v13.12.0/bin:/usr/local/nvidia/bin:/usr/local/cuda/bin:/usr/local/sbin:/usr/local/bin:/usr/sbin:/usr/bin:/sbin:/bin
10 verbose lifecycle aqdash@1.0.0~start: CWD: /home/kara/AQDash_prod/AQDash
11 silly lifecycle aqdash@1.0.0~start: Args: [ '-c', 'webpack serve --config webpack.config.js' ]
12 silly lifecycle aqdash@1.0.0~start: Returned: code: 1  signal: null
13 info lifecycle aqdash@1.0.0~start: Failed to exec start script
14 verbose stack Error: aqdash@1.0.0 start: `webpack serve --config webpack.config.js`
14 verbose stack Exit status 1
14 verbose stack     at EventEmitter.<anonymous> (/home/ksulia/miniconda3/lib/node_modules/npm/lib/utils/lifecycle.js:255:16)
14 verbose stack     at emitTwo (events.js:106:13)
14 verbose stack     at EventEmitter.emit (events.js:191:7)
14 verbose stack     at ChildProcess.<anonymous> (/home/ksulia/miniconda3/lib/node_modules/npm/lib/utils/spawn.js:40:14)
14 verbose stack     at emitTwo (events.js:106:13)
14 verbose stack     at ChildProcess.emit (events.js:191:7)
14 verbose stack     at maybeClose (internal/child_process.js:920:16)
14 verbose stack     at Process.ChildProcess._handle.onexit (internal/child_process.js:230:5)
15 verbose pkgid aqdash@1.0.0
16 verbose cwd /home/kara/AQDash_prod/AQDash
17 error Linux 5.15.0-56-generic
18 error argv "/home/ksulia/miniconda3/bin/node" "/home/ksulia/miniconda3/bin/npm" "start"
19 error node v6.13.1
20 error npm  v3.10.10
21 error code ELIFECYCLE
22 error aqdash@1.0.0 start: `webpack serve --config webpack.config.js`
22 error Exit status 1
23 error Failed at the aqdash@1.0.0 start script 'webpack serve --config webpack.config.js'.
23 error Make sure you have the latest version of node.js and npm installed.
23 error If you do, this is most likely a problem with the aqdash package,
23 error not with npm itself.
23 error Tell the author that this fails on your system:
23 error     webpack serve --config webpack.config.js
23 error You can get information on how to open an issue for this project with:
23 error     npm bugs aqdash
23 error Or if that isn't available, you can get their info via:
23 error     npm owner ls aqdash
23 error There is likely additional logging output above.
24 verbose exit [ 1, true ]
